<?xml version="1.0" encoding="UTF-8"?>
<testng-results skipped="0" failed="1" ignored="0" total="1" passed="0">
  <reporter-output>
    <line>
      <![CDATA[Sign in to your account text is not displayed on the screen.]]>
    </line>
  </reporter-output>
  <suite name="Cognizant Test Automation Suite" duration-ms="53391" started-at="2020-05-09T16:00:10Z" finished-at="2020-05-09T16:01:03Z">
    <groups>
      <group name="cucumber">
        <method signature="AbstractTestNGCucumberTests.feature(cucumber.api.testng.CucumberFeatureWrapper)[pri:0, instance:com.cognizant.test.testrunner.TestNGCucumberRunner@6ae5aa72]" name="feature" class="cucumber.api.testng.AbstractTestNGCucumberTests"/>
      </group> <!-- cucumber -->
    </groups>
    <test name="Cognizant Test" duration-ms="53391" started-at="2020-05-09T16:00:10Z" finished-at="2020-05-09T16:01:03Z">
      <class name="com.cognizant.test.testrunner.TestNGCucumberRunner">
        <test-method status="PASS" signature="testSetUp(org.testng.ITestContext)[pri:0, instance:com.cognizant.test.testrunner.TestNGCucumberRunner@6ae5aa72]" name="testSetUp" is-config="true" duration-ms="14" started-at="2020-05-09T16:00:10Z" finished-at="2020-05-09T16:00:10Z">
          <params>
            <param index="0">
              <value>
                <![CDATA[org.testng.TestRunner@4fb392c4]]>
              </value>
            </param>
          </params>
          <reporter-output>
          </reporter-output>
        </test-method> <!-- testSetUp -->
        <test-method status="PASS" signature="setUpClass()[pri:0, instance:com.cognizant.test.testrunner.TestNGCucumberRunner@6ae5aa72]" name="setUpClass" is-config="true" duration-ms="232" started-at="2020-05-09T16:00:10Z" finished-at="2020-05-09T16:00:10Z">
          <reporter-output>
          </reporter-output>
        </test-method> <!-- setUpClass -->
        <test-method status="FAIL" signature="feature(cucumber.api.testng.CucumberFeatureWrapper)[pri:0, instance:com.cognizant.test.testrunner.TestNGCucumberRunner@6ae5aa72]" name="feature" duration-ms="53042" started-at="2020-05-09T16:00:10Z" description="Runs Cucumber Feature" data-provider="features" finished-at="2020-05-09T16:01:03Z">
          <params>
            <param index="0">
              <value>
                <![CDATA[AmazonShoppingTest]]>
              </value>
            </param>
          </params>
          <exception class="cucumber.runtime.CucumberException">
            <message>
              <![CDATA[java.lang.AssertionError: Sign in to your account text is not displayed on Landing screen. expected [true] but found [false]]]>
            </message>
            <full-stacktrace>
              <![CDATA[cucumber.runtime.CucumberException: java.lang.AssertionError: Sign in to your account text is not displayed on Landing screen. expected [true] but found [false]
at cucumber.api.testng.TestNGCucumberRunner.runCucumber(TestNGCucumberRunner.java:69)
at cucumber.api.testng.AbstractTestNGCucumberTests.feature(AbstractTestNGCucumberTests.java:21)
at sun.reflect.NativeMethodAccessorImpl.invoke0(Native Method)
at sun.reflect.NativeMethodAccessorImpl.invoke(NativeMethodAccessorImpl.java:62)
at sun.reflect.DelegatingMethodAccessorImpl.invoke(DelegatingMethodAccessorImpl.java:43)
at java.lang.reflect.Method.invoke(Method.java:498)
at org.testng.internal.MethodInvocationHelper.invokeMethod(MethodInvocationHelper.java:124)
at org.testng.internal.Invoker.invokeMethod(Invoker.java:580)
at org.testng.internal.Invoker.invokeTestMethod(Invoker.java:716)
at org.testng.internal.Invoker.invokeTestMethods(Invoker.java:988)
at org.testng.internal.TestMethodWorker.invokeTestMethods(TestMethodWorker.java:125)
at org.testng.internal.TestMethodWorker.run(TestMethodWorker.java:109)
at org.testng.TestRunner.privateRun(TestRunner.java:648)
at org.testng.TestRunner.run(TestRunner.java:505)
at org.testng.SuiteRunner.runTest(SuiteRunner.java:455)
at org.testng.SuiteRunner.runSequentially(SuiteRunner.java:450)
at org.testng.SuiteRunner.privateRun(SuiteRunner.java:415)
at org.testng.SuiteRunner.run(SuiteRunner.java:364)
at org.testng.SuiteRunnerWorker.runSuite(SuiteRunnerWorker.java:52)
at org.testng.SuiteRunnerWorker.run(SuiteRunnerWorker.java:84)
at org.testng.TestNG.runSuitesSequentially(TestNG.java:1208)
at org.testng.TestNG.runSuitesLocally(TestNG.java:1137)
at org.testng.TestNG.runSuites(TestNG.java:1049)
at org.testng.TestNG.run(TestNG.java:1017)
at org.testng.remote.AbstractRemoteTestNG.run(AbstractRemoteTestNG.java:115)
at org.testng.remote.RemoteTestNG.initAndRun(RemoteTestNG.java:251)
at org.testng.remote.RemoteTestNG.main(RemoteTestNG.java:77)
Caused by: java.lang.AssertionError: Sign in to your account text is not displayed on Landing screen. expected [true] but found [false]
at org.testng.Assert.fail(Assert.java:96)
at org.testng.Assert.failNotEquals(Assert.java:776)
at org.testng.Assert.assertTrue(Assert.java:44)
at com.cognizant.test.step.definitions.BaseStepDefinition.i_am_on_the_Landing_screen(BaseStepDefinition.java:27)
at âœ½.Given I am on the Landing screen(AmazonShoppingTest.feature:6)
]]>
            </full-stacktrace>
          </exception> <!-- cucumber.runtime.CucumberException -->
          <reporter-output>
            <line>
              <![CDATA[Sign in to your account text is not displayed on the screen.]]>
            </line>
          </reporter-output>
        </test-method> <!-- feature -->
        <test-method status="PASS" signature="tearDownClass()[pri:0, instance:com.cognizant.test.testrunner.TestNGCucumberRunner@6ae5aa72]" name="tearDownClass" is-config="true" duration-ms="5" started-at="2020-05-09T16:01:03Z" finished-at="2020-05-09T16:01:03Z">
          <reporter-output>
          </reporter-output>
        </test-method> <!-- tearDownClass -->
      </class> <!-- com.cognizant.test.testrunner.TestNGCucumberRunner -->
    </test> <!-- Cognizant Test -->
  </suite> <!-- Cognizant Test Automation Suite -->
</testng-results>
