<?xml version="1.0" encoding="UTF-8"?>
<!-- Generated by org.testng.reporters.JUnitXMLReporter -->
<testsuite hostname="LAPTOP-4U1I6FEL" ignored="0" name="Cognizant Test" tests="1" failures="1" timestamp="09 May 2020 16:01:03 GMT" time="53.391" errors="0">
  <testcase name="feature" time="53.042" classname="cucumber.api.testng.AbstractTestNGCucumberTests">
    <failure type="cucumber.runtime.CucumberException" message="java.lang.AssertionError: Sign in to your account text is not displayed on Landing screen. expected [true] but found [false]">
      <![CDATA[cucumber.runtime.CucumberException: java.lang.AssertionError: Sign in to your account text is not displayed on Landing screen. expected [true] but found [false]
at cucumber.api.testng.TestNGCucumberRunner.runCucumber(TestNGCucumberRunner.java:69)
at cucumber.api.testng.AbstractTestNGCucumberTests.feature(AbstractTestNGCucumberTests.java:21)
Caused by: java.lang.AssertionError: Sign in to your account text is not displayed on Landing screen. expected [true] but found [false]
at com.cognizant.test.step.definitions.BaseStepDefinition.i_am_on_the_Landing_screen(BaseStepDefinition.java:27)
at âœ½.Given I am on the Landing screen(AmazonShoppingTest.feature:6)
... Removed 28 stack frames]]>
    </failure>
  </testcase> <!-- feature -->
</testsuite> <!-- Cognizant Test -->
